[debug] [2021-09-09T00:17:17.105Z] ----------------------------------------------------------------------
[debug] [2021-09-09T00:17:17.107Z] Command:       /Users/matthieubertrand/.nvm/versions/node/v12.22.1/bin/node /Users/matthieubertrand/.nvm/versions/node/v12.22.1/bin/firebase emulators:start
[debug] [2021-09-09T00:17:17.107Z] CLI Version:   9.17.0
[debug] [2021-09-09T00:17:17.107Z] Platform:      darwin
[debug] [2021-09-09T00:17:17.107Z] Node Version:  v12.22.1
[debug] [2021-09-09T00:17:17.109Z] Time:          Wed Sep 08 2021 17:17:17 GMT-0700 (Pacific Daylight Time)
[debug] [2021-09-09T00:17:17.109Z] ----------------------------------------------------------------------
[debug] 
[debug] [2021-09-09T00:17:17.157Z] > command requires scopes: ["email","openid","https://www.googleapis.com/auth/cloudplatformprojects.readonly","https://www.googleapis.com/auth/firebase","https://www.googleapis.com/auth/cloud-platform"]
[debug] [2021-09-09T00:17:17.157Z] > authorizing via signed-in user (matthieubertrand5@yahoo.fr)
[info] i  emulators: Starting emulators: functions, hosting {"metadata":{"emulator":{"name":"hub"},"message":"Starting emulators: functions, hosting"}}
[debug] [2021-09-09T00:17:17.172Z] [hub] writing locator at /var/folders/bf/svbk48gd3119p9qmjdd9m4gw0000gn/T/hub-clone-e4a13.json
[warn] ⚠  functions: The following emulators are not running, calls to these services from the Functions emulator will affect production: auth, firestore, database, pubsub, storage {"metadata":{"emulator":{"name":"functions"},"message":"The following emulators are not running, calls to these services from the Functions emulator will affect production: \u001b[1mauth, firestore, database, pubsub, storage\u001b[22m"}}
[warn] ⚠  Your requested "node" version "14" doesn't match your global version "12" {"metadata":{"emulator":{"name":"functions"},"message":"Your requested \"node\" version \"14\" doesn't match your global version \"12\""}}
[debug] [2021-09-09T00:17:17.247Z] defaultcredentials: writing to file /Users/matthieubertrand/.config/firebase/matthieubertrand5_yahoo_fr_application_default_credentials.json
[debug] [2021-09-09T00:17:17.252Z] Setting GAC to /Users/matthieubertrand/.config/firebase/matthieubertrand5_yahoo_fr_application_default_credentials.json {"metadata":{"emulator":{"name":"functions"},"message":"Setting GAC to /Users/matthieubertrand/.config/firebase/matthieubertrand5_yahoo_fr_application_default_credentials.json"}}
[debug] [2021-09-09T00:17:17.254Z] > refreshing access token with scopes: []
[debug] [2021-09-09T00:17:17.255Z] >>> HTTP REQUEST POST https://www.googleapis.com/oauth2/v3/token  
 <request body omitted>
[debug] [2021-09-09T00:17:17.441Z] <<< HTTP RESPONSE 200 {"expires":"Mon, 01 Jan 1990 00:00:00 GMT","date":"Thu, 09 Sep 2021 00:17:17 GMT","pragma":"no-cache","cache-control":"no-cache, no-store, max-age=0, must-revalidate","content-type":"application/json; charset=utf-8","vary":"X-Origin, Referer, Origin,Accept-Encoding","server":"scaffolding on HTTPServer2","x-xss-protection":"0","x-frame-options":"SAMEORIGIN","x-content-type-options":"nosniff","alt-svc":"h3=\":443\"; ma=2592000,h3-29=\":443\"; ma=2592000,h3-T051=\":443\"; ma=2592000,h3-Q050=\":443\"; ma=2592000,h3-Q046=\":443\"; ma=2592000,h3-Q043=\":443\"; ma=2592000,quic=\":443\"; ma=2592000; v=\"46,43\"","accept-ranges":"none","transfer-encoding":"chunked"}
[debug] [2021-09-09T00:17:17.522Z] >>> [apiv2][query] GET https://firebase.googleapis.com/v1beta1/projects/clone-e4a13/adminSdkConfig [none]
[debug] [2021-09-09T00:17:17.775Z] <<< [apiv2][status] GET https://firebase.googleapis.com/v1beta1/projects/clone-e4a13/adminSdkConfig 200
[debug] [2021-09-09T00:17:17.776Z] <<< [apiv2][body] GET https://firebase.googleapis.com/v1beta1/projects/clone-e4a13/adminSdkConfig {"projectId":"clone-e4a13","storageBucket":"clone-e4a13.appspot.com","locationId":"us-central"}
[debug] [2021-09-09T00:17:18.079Z] >>> [apiv2][query] GET https://firebasehosting.googleapis.com/v1beta1/projects/clone-e4a13/sites 
[debug] [2021-09-09T00:17:18.571Z] <<< [apiv2][status] GET https://firebasehosting.googleapis.com/v1beta1/projects/clone-e4a13/sites 200
[debug] [2021-09-09T00:17:18.571Z] <<< [apiv2][body] GET https://firebasehosting.googleapis.com/v1beta1/projects/clone-e4a13/sites {"sites":[{"name":"projects/32329356357/sites/clone-e4a13","defaultUrl":"https://clone-e4a13.web.app","appId":"1:32329356357:web:4b4cddf54694db06dcbf2c","type":"DEFAULT_SITE"}]}
[debug] [2021-09-09T00:17:18.572Z] >>> [apiv2][query] GET https://firebase.googleapis.com/v1beta1/projects/clone-e4a13/webApps/1:32329356357:web:4b4cddf54694db06dcbf2c/config [none]
[debug] [2021-09-09T00:17:19.172Z] <<< [apiv2][status] GET https://firebase.googleapis.com/v1beta1/projects/clone-e4a13/webApps/1:32329356357:web:4b4cddf54694db06dcbf2c/config 200
[debug] [2021-09-09T00:17:19.172Z] <<< [apiv2][body] GET https://firebase.googleapis.com/v1beta1/projects/clone-e4a13/webApps/1:32329356357:web:4b4cddf54694db06dcbf2c/config {"projectId":"clone-e4a13","appId":"1:32329356357:web:4b4cddf54694db06dcbf2c","storageBucket":"clone-e4a13.appspot.com","locationId":"us-central","apiKey":"AIzaSyDFkuS2OExM0HBOBz4XobwAKz57lpgiA8g","authDomain":"clone-e4a13.firebaseapp.com","messagingSenderId":"32329356357","measurementId":"G-KHT5Z5367K"}
[info] i  hosting: Serving hosting files from: build {"metadata":{"emulator":{"name":"hosting"},"message":"Serving hosting files from: \u001b[1mbuild\u001b[22m"}}
[info] ✔  hosting: Local server: http://localhost:5000 {"metadata":{"emulator":{"name":"hosting"},"message":"Local server: \u001b[4m\u001b[1mhttp://localhost:5000\u001b[22m\u001b[24m"}}
[warn] ⚠  ui: Emulator UI unable to start on port 4000, starting on 4001 instead. {"metadata":{"emulator":{"name":"ui"},"message":"Emulator UI unable to start on port 4000, starting on 4001 instead."}}
[info] i  ui: downloading ui-v1.6.3.zip... {"metadata":{"emulator":{"name":"ui"},"message":"downloading ui-v1.6.3.zip..."}}
[debug] [2021-09-09T00:17:19.249Z] >>> [apiv2][query] GET https://storage.googleapis.com/firebase-preview-drop/emulator/ui-v1.6.3.zip 
[debug] [2021-09-09T00:17:19.443Z] <<< [apiv2][status] GET https://storage.googleapis.com/firebase-preview-drop/emulator/ui-v1.6.3.zip 200
[debug] [2021-09-09T00:17:19.444Z] <<< [apiv2][body] GET https://storage.googleapis.com/firebase-preview-drop/emulator/ui-v1.6.3.zip [stream]
[info] i  ui: Removing outdated emulator files: ui-v1.6.2 {"metadata":{"emulator":{"name":"ui"},"message":"Removing outdated emulator files: ui-v1.6.2"}}
[info] i  ui: Removing outdated emulator files: ui-v1.6.2.zip {"metadata":{"emulator":{"name":"ui"},"message":"Removing outdated emulator files: ui-v1.6.2.zip"}}
[debug] [2021-09-09T00:17:19.812Z] Ignoring unsupported arg: auto_download {"metadata":{"emulator":{"name":"ui"},"message":"Ignoring unsupported arg: auto_download"}}
[debug] [2021-09-09T00:17:19.812Z] Ignoring unsupported arg: port {"metadata":{"emulator":{"name":"ui"},"message":"Ignoring unsupported arg: port"}}
[debug] [2021-09-09T00:17:19.812Z] Starting Emulator UI with command {"binary":"node","args":["/Users/matthieubertrand/.cache/firebase/emulators/ui-v1.6.3/server.bundle.js"],"optionalArgs":[],"joinArgs":false} {"metadata":{"emulator":{"name":"ui"},"message":"Starting Emulator UI with command {\"binary\":\"node\",\"args\":[\"/Users/matthieubertrand/.cache/firebase/emulators/ui-v1.6.3/server.bundle.js\"],\"optionalArgs\":[],\"joinArgs\":false}"}}
[info] i  ui: Emulator UI logging to ui-debug.log {"metadata":{"emulator":{"name":"ui"},"message":"Emulator UI logging to \u001b[1mui-debug.log\u001b[22m"}}
[debug] [2021-09-09T00:17:19.897Z] Web / API server started at localhost:4001
 {"metadata":{"emulator":{"name":"ui"},"message":"Web / API server started at localhost:4001\n"}}
[info] i  functions: Watching "/Users/matthieubertrand/Development/projects/amazon-clone/amazon-clone/functions" for Cloud Functions... {"metadata":{"emulator":{"name":"functions"},"message":"Watching \"/Users/matthieubertrand/Development/projects/amazon-clone/amazon-clone/functions\" for Cloud Functions..."}}
[debug] [2021-09-09T00:17:20.091Z] [worker-pool] addWorker(~diagnostic~) {"metadata":{"emulator":{"name":"functions"},"message":"[worker-pool] addWorker(~diagnostic~)"}}
[debug] [2021-09-09T00:17:20.091Z] [worker-pool] Adding worker with key ~diagnostic~, total=1 {"metadata":{"emulator":{"name":"functions"},"message":"[worker-pool] Adding worker with key ~diagnostic~, total=1"}}
[debug] [2021-09-09T00:17:20.092Z] [worker-pool] submitWork(triggerId=) {"metadata":{"emulator":{"name":"functions"},"message":"[worker-pool] submitWork(triggerId=)"}}
[debug] [2021-09-09T00:17:20.092Z] [worker-~diagnostic~-525a8eaa-6d8d-45de-bd54-52530010caf2]: Assigning socketPath: /var/folders/bf/svbk48gd3119p9qmjdd9m4gw0000gn/T/fire_emu_15368.sock {"metadata":{"emulator":{"name":"functions"},"message":"[worker-~diagnostic~-525a8eaa-6d8d-45de-bd54-52530010caf2]: Assigning socketPath: /var/folders/bf/svbk48gd3119p9qmjdd9m4gw0000gn/T/fire_emu_15368.sock"}}
[debug] [2021-09-09T00:17:20.092Z] [worker-~diagnostic~-525a8eaa-6d8d-45de-bd54-52530010caf2]: BUSY {"metadata":{"emulator":{"name":"functions"},"message":"[worker-~diagnostic~-525a8eaa-6d8d-45de-bd54-52530010caf2]: BUSY"}}
[debug] [2021-09-09T00:17:20.297Z] [runtime-status] [15368] Functions runtime initialized. {"cwd":"/Users/matthieubertrand/Development/projects/amazon-clone/amazon-clone/functions","node_version":"12.22.1"} {"metadata":{"emulator":{"name":"functions"},"message":"[runtime-status] [15368] Functions runtime initialized. {\"cwd\":\"/Users/matthieubertrand/Development/projects/amazon-clone/amazon-clone/functions\",\"node_version\":\"12.22.1\"}"}}
[debug] [2021-09-09T00:17:20.298Z] [runtime-status] [15368] Disabled runtime features: undefined {"metadata":{"emulator":{"name":"functions"},"message":"[runtime-status] [15368] Disabled runtime features: undefined"}}
[debug] [2021-09-09T00:17:20.300Z] [runtime-status] [15368] Resolved module firebase-admin {"declared":true,"installed":true,"version":"9.11.1","resolution":"/Users/matthieubertrand/Development/projects/amazon-clone/amazon-clone/functions/node_modules/firebase-admin/lib/index.js"} {"metadata":{"emulator":{"name":"functions"},"message":"[runtime-status] [15368] Resolved module firebase-admin {\"declared\":true,\"installed\":true,\"version\":\"9.11.1\",\"resolution\":\"/Users/matthieubertrand/Development/projects/amazon-clone/amazon-clone/functions/node_modules/firebase-admin/lib/index.js\"}"}}
[debug] [2021-09-09T00:17:20.302Z] [runtime-status] [15368] Resolved module firebase-functions {"declared":true,"installed":true,"version":"3.15.5","resolution":"/Users/matthieubertrand/Development/projects/amazon-clone/amazon-clone/functions/node_modules/firebase-functions/lib/index.js"} {"metadata":{"emulator":{"name":"functions"},"message":"[runtime-status] [15368] Resolved module firebase-functions {\"declared\":true,\"installed\":true,\"version\":\"3.15.5\",\"resolution\":\"/Users/matthieubertrand/Development/projects/amazon-clone/amazon-clone/functions/node_modules/firebase-functions/lib/index.js\"}"}}
[debug] [2021-09-09T00:17:20.305Z] [runtime-status] [15368] Resolved module firebase-functions {"declared":true,"installed":true,"version":"3.15.5","resolution":"/Users/matthieubertrand/Development/projects/amazon-clone/amazon-clone/functions/node_modules/firebase-functions/lib/index.js"} {"metadata":{"emulator":{"name":"functions"},"message":"[runtime-status] [15368] Resolved module firebase-functions {\"declared\":true,\"installed\":true,\"version\":\"3.15.5\",\"resolution\":\"/Users/matthieubertrand/Development/projects/amazon-clone/amazon-clone/functions/node_modules/firebase-functions/lib/index.js\"}"}}
[debug] [2021-09-09T00:17:20.306Z] [runtime-status] [15368] Outgoing network have been stubbed. [{"name":"http","status":"mocked"},{"name":"http","status":"mocked"},{"name":"https","status":"mocked"},{"name":"https","status":"mocked"},{"name":"net","status":"mocked"}] {"metadata":{"emulator":{"name":"functions"},"message":"[runtime-status] [15368] Outgoing network have been stubbed. [{\"name\":\"http\",\"status\":\"mocked\"},{\"name\":\"http\",\"status\":\"mocked\"},{\"name\":\"https\",\"status\":\"mocked\"},{\"name\":\"https\",\"status\":\"mocked\"},{\"name\":\"net\",\"status\":\"mocked\"}]"}}
[debug] [2021-09-09T00:17:20.307Z] [runtime-status] [15368] Resolved module firebase-functions {"declared":true,"installed":true,"version":"3.15.5","resolution":"/Users/matthieubertrand/Development/projects/amazon-clone/amazon-clone/functions/node_modules/firebase-functions/lib/index.js"} {"metadata":{"emulator":{"name":"functions"},"message":"[runtime-status] [15368] Resolved module firebase-functions {\"declared\":true,\"installed\":true,\"version\":\"3.15.5\",\"resolution\":\"/Users/matthieubertrand/Development/projects/amazon-clone/amazon-clone/functions/node_modules/firebase-functions/lib/index.js\"}"}}
[debug] [2021-09-09T00:17:20.331Z] [runtime-status] [15368] Checked functions.config() {"config":{}} {"metadata":{"emulator":{"name":"functions"},"message":"[runtime-status] [15368] Checked functions.config() {\"config\":{}}"}}
[debug] [2021-09-09T00:17:20.331Z] [runtime-status] [15368] firebase-functions has been stubbed. {"functionsResolution":{"declared":true,"installed":true,"version":"3.15.5","resolution":"/Users/matthieubertrand/Development/projects/amazon-clone/amazon-clone/functions/node_modules/firebase-functions/lib/index.js"}} {"metadata":{"emulator":{"name":"functions"},"message":"[runtime-status] [15368] firebase-functions has been stubbed. {\"functionsResolution\":{\"declared\":true,\"installed\":true,\"version\":\"3.15.5\",\"resolution\":\"/Users/matthieubertrand/Development/projects/amazon-clone/amazon-clone/functions/node_modules/firebase-functions/lib/index.js\"}}"}}
[debug] [2021-09-09T00:17:20.332Z] [runtime-status] [15368] Resolved module firebase-functions {"declared":true,"installed":true,"version":"3.15.5","resolution":"/Users/matthieubertrand/Development/projects/amazon-clone/amazon-clone/functions/node_modules/firebase-functions/lib/index.js"} {"metadata":{"emulator":{"name":"functions"},"message":"[runtime-status] [15368] Resolved module firebase-functions {\"declared\":true,\"installed\":true,\"version\":\"3.15.5\",\"resolution\":\"/Users/matthieubertrand/Development/projects/amazon-clone/amazon-clone/functions/node_modules/firebase-functions/lib/index.js\"}"}}
[debug] [2021-09-09T00:17:20.333Z] [runtime-status] [15368] Resolved module firebase-admin {"declared":true,"installed":true,"version":"9.11.1","resolution":"/Users/matthieubertrand/Development/projects/amazon-clone/amazon-clone/functions/node_modules/firebase-admin/lib/index.js"} {"metadata":{"emulator":{"name":"functions"},"message":"[runtime-status] [15368] Resolved module firebase-admin {\"declared\":true,\"installed\":true,\"version\":\"9.11.1\",\"resolution\":\"/Users/matthieubertrand/Development/projects/amazon-clone/amazon-clone/functions/node_modules/firebase-admin/lib/index.js\"}"}}
[debug] [2021-09-09T00:17:20.333Z] [runtime-status] [15368] Resolved module firebase-functions {"declared":true,"installed":true,"version":"3.15.5","resolution":"/Users/matthieubertrand/Development/projects/amazon-clone/amazon-clone/functions/node_modules/firebase-functions/lib/index.js"} {"metadata":{"emulator":{"name":"functions"},"message":"[runtime-status] [15368] Resolved module firebase-functions {\"declared\":true,\"installed\":true,\"version\":\"3.15.5\",\"resolution\":\"/Users/matthieubertrand/Development/projects/amazon-clone/amazon-clone/functions/node_modules/firebase-functions/lib/index.js\"}"}}
[debug] [2021-09-09T00:17:20.333Z] [runtime-status] [15368] firebase-admin has been stubbed. {"adminResolution":{"declared":true,"installed":true,"version":"9.11.1","resolution":"/Users/matthieubertrand/Development/projects/amazon-clone/amazon-clone/functions/node_modules/firebase-admin/lib/index.js"}} {"metadata":{"emulator":{"name":"functions"},"message":"[runtime-status] [15368] firebase-admin has been stubbed. {\"adminResolution\":{\"declared\":true,\"installed\":true,\"version\":\"9.11.1\",\"resolution\":\"/Users/matthieubertrand/Development/projects/amazon-clone/amazon-clone/functions/node_modules/firebase-admin/lib/index.js\"}}"}}
[debug] [2021-09-09T00:17:20.403Z] [worker-~diagnostic~-525a8eaa-6d8d-45de-bd54-52530010caf2]: IDLE {"metadata":{"emulator":{"name":"functions"},"message":"[worker-~diagnostic~-525a8eaa-6d8d-45de-bd54-52530010caf2]: IDLE"}}
[info] ✔  functions[us-central1-api]: http function initialized (http://localhost:5001/clone-e4a13/us-central1/api). {"metadata":{"emulator":{"name":"functions"},"message":"\u001b[1mhttp\u001b[22m function initialized (http://localhost:5001/clone-e4a13/us-central1/api)."}}
[info] 
┌─────────────────────────────────────────────────────────────┐
│ ✔  All emulators ready! It is now safe to connect your app. │
│ i  View Emulator UI at http://localhost:4001                │
└─────────────────────────────────────────────────────────────┘

┌───────────┬────────────────┬─────────────────────────────────┐
│ Emulator  │ Host:Port      │ View in Emulator UI             │
├───────────┼────────────────┼─────────────────────────────────┤
│ Functions │ localhost:5001 │ http://localhost:4001/functions │
├───────────┼────────────────┼─────────────────────────────────┤
│ Hosting   │ localhost:5000 │ n/a                             │
└───────────┴────────────────┴─────────────────────────────────┘
  Emulator Hub running at localhost:4400
  Other reserved ports: 4500

Issues? Report them at https://github.com/firebase/firebase-tools/issues and attach the *-debug.log files.
 
